mode: set
github.com/go-modkit/modkit/examples/hello-simple/main.go:34.35,37.2 2 0
github.com/go-modkit/modkit/examples/hello-simple/main.go:45.62,48.2 2 0
github.com/go-modkit/modkit/examples/hello-simple/main.go:50.76,58.2 3 0
github.com/go-modkit/modkit/examples/hello-simple/main.go:60.77,65.2 2 0
github.com/go-modkit/modkit/examples/hello-simple/main.go:72.46,74.2 1 1
github.com/go-modkit/modkit/examples/hello-simple/main.go:76.51,82.49 1 1
github.com/go-modkit/modkit/examples/hello-simple/main.go:82.49,84.6 1 1
github.com/go-modkit/modkit/examples/hello-simple/main.go:88.49,90.6 1 1
github.com/go-modkit/modkit/examples/hello-simple/main.go:96.49,98.20 2 1
github.com/go-modkit/modkit/examples/hello-simple/main.go:98.20,100.7 1 1
github.com/go-modkit/modkit/examples/hello-simple/main.go:101.6,102.20 2 1
github.com/go-modkit/modkit/examples/hello-simple/main.go:102.20,104.7 1 1
github.com/go-modkit/modkit/examples/hello-simple/main.go:105.6,108.12 1 1
github.com/go-modkit/modkit/examples/hello-simple/main.go:115.13,120.16 3 0
github.com/go-modkit/modkit/examples/hello-simple/main.go:120.16,122.3 1 0
github.com/go-modkit/modkit/examples/hello-simple/main.go:125.2,126.88 2 0
github.com/go-modkit/modkit/examples/hello-simple/main.go:126.88,128.3 1 0
github.com/go-modkit/modkit/examples/hello-simple/main.go:131.2,135.54 4 0
github.com/go-modkit/modkit/examples/hello-simple/main.go:135.54,137.3 1 0
